{
  "stats": {
    "suites": 15,
    "tests": 162,
    "passes": 162,
    "pending": 0,
    "failures": 0,
    "start": "2023-06-01T11:33:49.631Z",
    "end": "2023-06-01T11:36:20.984Z",
    "duration": 151353,
    "testsRegistered": 162,
    "passPercent": 100,
    "pendingPercent": 0,
    "other": 0,
    "hasOther": false,
    "skipped": 0,
    "hasSkipped": false
  },
  "results": [
    {
      "uuid": "7f33014a-370e-4e1e-b41d-16795c3a5076",
      "title": "",
      "fullFile": "cypress\\e2e\\specs\\userRegister.cy.js",
      "file": "cypress\\e2e\\specs\\userRegister.cy.js",
      "beforeHooks": [],
      "afterHooks": [],
      "tests": [],
      "suites": [
        {
          "uuid": "0173be13-3d69-456d-b42a-4b1bcc1c46d8",
          "title": "User Form Test Cases",
          "fullFile": "",
          "file": "",
          "beforeHooks": [],
          "afterHooks": [],
          "tests": [
            {
              "title": "Go to WebPage",
              "fullTitle": "User Form Test Cases Go to WebPage",
              "timedOut": null,
              "duration": 1986,
              "state": "passed",
              "speed": "fast",
              "pass": true,
              "fail": false,
              "pending": false,
              "context": null,
              "code": "cy.visit(\"https://register-vercel-demo.vercel.app/\");",
              "err": {},
              "uuid": "66a6b5a8-7117-4abc-8232-c7e979a57ff6",
              "parentUUID": "0173be13-3d69-456d-b42a-4b1bcc1c46d8",
              "isHook": false,
              "skipped": false
            }
          ],
          "suites": [
            {
              "uuid": "6f20d609-1b88-4033-9d6c-4bedffc75622",
              "title": "First Name Field Test Cases",
              "fullFile": "",
              "file": "",
              "beforeHooks": [],
              "afterHooks": [],
              "tests": [
                {
                  "title": "First Name->Empty Field Not Allowed",
                  "fullTitle": "User Form Test Cases First Name Field Test Cases First Name->Empty Field Not Allowed",
                  "timedOut": null,
                  "duration": 749,
                  "state": "passed",
                  "speed": "fast",
                  "pass": true,
                  "fail": false,
                  "pending": false,
                  "context": null,
                  "code": "userForm.check_First_Name_Label();\nuserForm.click_on_Register_Btn();",
                  "err": {},
                  "uuid": "ba14152f-b908-455c-8fdc-1208f0567859",
                  "parentUUID": "6f20d609-1b88-4033-9d6c-4bedffc75622",
                  "isHook": false,
                  "skipped": false
                },
                {
                  "title": "First Name->Numbers Not Allowed",
                  "fullTitle": "User Form Test Cases First Name Field Test Cases First Name->Numbers Not Allowed",
                  "timedOut": null,
                  "duration": 858,
                  "state": "passed",
                  "speed": "fast",
                  "pass": true,
                  "fail": false,
                  "pending": false,
                  "context": null,
                  "code": "userForm.test_FirstName_Field(\"12547 85\");",
                  "err": {},
                  "uuid": "48379ad9-a20f-4143-a556-4ab77737301a",
                  "parentUUID": "6f20d609-1b88-4033-9d6c-4bedffc75622",
                  "isHook": false,
                  "skipped": false
                },
                {
                  "title": "First Name->Special Characters Not Allowed",
                  "fullTitle": "User Form Test Cases First Name Field Test Cases First Name->Special Characters Not Allowed",
                  "timedOut": null,
                  "duration": 967,
                  "state": "passed",
                  "speed": "fast",
                  "pass": true,
                  "fail": false,
                  "pending": false,
                  "context": null,
                  "code": "userForm.test_FirstName_Field(\"@#$% ^&%$\");",
                  "err": {},
                  "uuid": "d767030a-0285-4e91-b3ae-dadbcb1e6b08",
                  "parentUUID": "6f20d609-1b88-4033-9d6c-4bedffc75622",
                  "isHook": false,
                  "skipped": false
                },
                {
                  "title": "First Name->Spaces Allowed",
                  "fullTitle": "User Form Test Cases First Name Field Test Cases First Name->Spaces Allowed",
                  "timedOut": null,
                  "duration": 929,
                  "state": "passed",
                  "speed": "fast",
                  "pass": true,
                  "fail": false,
                  "pending": false,
                  "context": null,
                  "code": "userForm.test_FirstName_Field(\"a b c d\");",
                  "err": {},
                  "uuid": "6531b2a6-835e-49ae-aa98-3f8cad4fa129",
                  "parentUUID": "6f20d609-1b88-4033-9d6c-4bedffc75622",
                  "isHook": false,
                  "skipped": false
                },
                {
                  "title": "First Name->Capital Letters Allowed",
                  "fullTitle": "User Form Test Cases First Name Field Test Cases First Name->Capital Letters Allowed",
                  "timedOut": null,
                  "duration": 849,
                  "state": "passed",
                  "speed": "fast",
                  "pass": true,
                  "fail": false,
                  "pending": false,
                  "context": null,
                  "code": "userForm.test_FirstName_Field(\"FIRSTNAME\");",
                  "err": {},
                  "uuid": "52c45761-905d-457f-a55f-ff0b28a2f2b1",
                  "parentUUID": "6f20d609-1b88-4033-9d6c-4bedffc75622",
                  "isHook": false,
                  "skipped": false
                },
                {
                  "title": "First Name->Small Letters Allowed",
                  "fullTitle": "User Form Test Cases First Name Field Test Cases First Name->Small Letters Allowed",
                  "timedOut": null,
                  "duration": 890,
                  "state": "passed",
                  "speed": "fast",
                  "pass": true,
                  "fail": false,
                  "pending": false,
                  "context": null,
                  "code": "userForm.test_FirstName_Field(\"firstname\");",
                  "err": {},
                  "uuid": "1a13ce20-17eb-4edf-8d17-9326f25f2c28",
                  "parentUUID": "6f20d609-1b88-4033-9d6c-4bedffc75622",
                  "isHook": false,
                  "skipped": false
                },
                {
                  "title": "First Name->Capital and Numbers Not Allowed",
                  "fullTitle": "User Form Test Cases First Name Field Test Cases First Name->Capital and Numbers Not Allowed",
                  "timedOut": null,
                  "duration": 848,
                  "state": "passed",
                  "speed": "fast",
                  "pass": true,
                  "fail": false,
                  "pending": false,
                  "context": null,
                  "code": "userForm.test_FirstName_Field(\"FIRST123\");",
                  "err": {},
                  "uuid": "b9a7085b-ecae-457d-81f9-89ab4f6e41b4",
                  "parentUUID": "6f20d609-1b88-4033-9d6c-4bedffc75622",
                  "isHook": false,
                  "skipped": false
                },
                {
                  "title": "First Name->Capital and Special Characters Not Allowed",
                  "fullTitle": "User Form Test Cases First Name Field Test Cases First Name->Capital and Special Characters Not Allowed",
                  "timedOut": null,
                  "duration": 887,
                  "state": "passed",
                  "speed": "fast",
                  "pass": true,
                  "fail": false,
                  "pending": false,
                  "context": null,
                  "code": "userForm.test_FirstName_Field(\"FI@RST@#$%\");",
                  "err": {},
                  "uuid": "cbff04de-654e-48db-98a8-c2a7f7024d0a",
                  "parentUUID": "6f20d609-1b88-4033-9d6c-4bedffc75622",
                  "isHook": false,
                  "skipped": false
                },
                {
                  "title": "First Name->Capital Letters and Spaces Allowed",
                  "fullTitle": "User Form Test Cases First Name Field Test Cases First Name->Capital Letters and Spaces Allowed",
                  "timedOut": null,
                  "duration": 918,
                  "state": "passed",
                  "speed": "fast",
                  "pass": true,
                  "fail": false,
                  "pending": false,
                  "context": null,
                  "code": "userForm.test_FirstName_Field(\"FIRST NAME DEMO\");",
                  "err": {},
                  "uuid": "7370f8e2-e0e5-45fd-92f9-17dd834896f2",
                  "parentUUID": "6f20d609-1b88-4033-9d6c-4bedffc75622",
                  "isHook": false,
                  "skipped": false
                },
                {
                  "title": "First Name->Capital and Small Letters Allowed",
                  "fullTitle": "User Form Test Cases First Name Field Test Cases First Name->Capital and Small Letters Allowed",
                  "timedOut": null,
                  "duration": 856,
                  "state": "passed",
                  "speed": "fast",
                  "pass": true,
                  "fail": false,
                  "pending": false,
                  "context": null,
                  "code": "userForm.test_FirstName_Field(\"FirstName\");",
                  "err": {},
                  "uuid": "f8399278-dcdd-46cd-852e-5e4bbc5cfb29",
                  "parentUUID": "6f20d609-1b88-4033-9d6c-4bedffc75622",
                  "isHook": false,
                  "skipped": false
                },
                {
                  "title": "First Name->Small and Numbers Not Allowed",
                  "fullTitle": "User Form Test Cases First Name Field Test Cases First Name->Small and Numbers Not Allowed",
                  "timedOut": null,
                  "duration": 799,
                  "state": "passed",
                  "speed": "fast",
                  "pass": true,
                  "fail": false,
                  "pending": false,
                  "context": null,
                  "code": "userForm.test_FirstName_Field(\"first123\");",
                  "err": {},
                  "uuid": "6805fa37-5a13-4387-b1f3-d224dd684c66",
                  "parentUUID": "6f20d609-1b88-4033-9d6c-4bedffc75622",
                  "isHook": false,
                  "skipped": false
                },
                {
                  "title": "First Name->Small and Special Characters Not Allowed",
                  "fullTitle": "User Form Test Cases First Name Field Test Cases First Name->Small and Special Characters Not Allowed",
                  "timedOut": null,
                  "duration": 816,
                  "state": "passed",
                  "speed": "fast",
                  "pass": true,
                  "fail": false,
                  "pending": false,
                  "context": null,
                  "code": "userForm.test_FirstName_Field(\"firs@#tr$%q\");",
                  "err": {},
                  "uuid": "8cbd4d38-4a03-4a4c-8211-5931c081ab6e",
                  "parentUUID": "6f20d609-1b88-4033-9d6c-4bedffc75622",
                  "isHook": false,
                  "skipped": false
                },
                {
                  "title": "First Name->Small and Spaces Allowed",
                  "fullTitle": "User Form Test Cases First Name Field Test Cases First Name->Small and Spaces Allowed",
                  "timedOut": null,
                  "duration": 822,
                  "state": "passed",
                  "speed": "fast",
                  "pass": true,
                  "fail": false,
                  "pending": false,
                  "context": null,
                  "code": "userForm.test_FirstName_Field(\"first name\");",
                  "err": {},
                  "uuid": "5fceff55-da9a-4f70-adc2-9fd2335a5c07",
                  "parentUUID": "6f20d609-1b88-4033-9d6c-4bedffc75622",
                  "isHook": false,
                  "skipped": false
                },
                {
                  "title": "First Name->Spaces and Numbers Not Allowed",
                  "fullTitle": "User Form Test Cases First Name Field Test Cases First Name->Spaces and Numbers Not Allowed",
                  "timedOut": null,
                  "duration": 863,
                  "state": "passed",
                  "speed": "fast",
                  "pass": true,
                  "fail": false,
                  "pending": false,
                  "context": null,
                  "code": "userForm.test_FirstName_Field(\"123 456 789\");",
                  "err": {},
                  "uuid": "ec0ed47d-a919-4575-bbd5-5647f0d96bf6",
                  "parentUUID": "6f20d609-1b88-4033-9d6c-4bedffc75622",
                  "isHook": false,
                  "skipped": false
                },
                {
                  "title": "First Name->Special Characters and Numbers Not Allowed",
                  "fullTitle": "User Form Test Cases First Name Field Test Cases First Name->Special Characters and Numbers Not Allowed",
                  "timedOut": null,
                  "duration": 935,
                  "state": "passed",
                  "speed": "fast",
                  "pass": true,
                  "fail": false,
                  "pending": false,
                  "context": null,
                  "code": "userForm.test_FirstName_Field(\"@#78@#4568$%1*#\");",
                  "err": {},
                  "uuid": "25c637dd-4d13-4781-a46e-5486f3b12706",
                  "parentUUID": "6f20d609-1b88-4033-9d6c-4bedffc75622",
                  "isHook": false,
                  "skipped": false
                },
                {
                  "title": "First Name->Special Characters and Spaces Not Allowed",
                  "fullTitle": "User Form Test Cases First Name Field Test Cases First Name->Special Characters and Spaces Not Allowed",
                  "timedOut": null,
                  "duration": 1012,
                  "state": "passed",
                  "speed": "fast",
                  "pass": true,
                  "fail": false,
                  "pending": false,
                  "context": null,
                  "code": "userForm.test_FirstName_Field(\"#$% @#& *#!^\");",
                  "err": {},
                  "uuid": "28642000-e91e-4307-b821-78f1aecf34d7",
                  "parentUUID": "6f20d609-1b88-4033-9d6c-4bedffc75622",
                  "isHook": false,
                  "skipped": false
                },
                {
                  "title": "First Name->Capital,Small and Numbers Not Allowed",
                  "fullTitle": "User Form Test Cases First Name Field Test Cases First Name->Capital,Small and Numbers Not Allowed",
                  "timedOut": null,
                  "duration": 895,
                  "state": "passed",
                  "speed": "fast",
                  "pass": true,
                  "fail": false,
                  "pending": false,
                  "context": null,
                  "code": "userForm.test_FirstName_Field(\"First123Name\");",
                  "err": {},
                  "uuid": "3d3c52c2-c316-4aae-a45b-a66284fe93cf",
                  "parentUUID": "6f20d609-1b88-4033-9d6c-4bedffc75622",
                  "isHook": false,
                  "skipped": false
                },
                {
                  "title": "First Name->Capital,Small and Special Characters Not Allowed",
                  "fullTitle": "User Form Test Cases First Name Field Test Cases First Name->Capital,Small and Special Characters Not Allowed",
                  "timedOut": null,
                  "duration": 870,
                  "state": "passed",
                  "speed": "fast",
                  "pass": true,
                  "fail": false,
                  "pending": false,
                  "context": null,
                  "code": "userForm.test_FirstName_Field(\"First@Name\");",
                  "err": {},
                  "uuid": "e2691ce5-5729-4646-8ac9-c2f7ba90b3ea",
                  "parentUUID": "6f20d609-1b88-4033-9d6c-4bedffc75622",
                  "isHook": false,
                  "skipped": false
                },
                {
                  "title": "First Name->Capital,Small and Spaces Allowed",
                  "fullTitle": "User Form Test Cases First Name Field Test Cases First Name->Capital,Small and Spaces Allowed",
                  "timedOut": null,
                  "duration": 909,
                  "state": "passed",
                  "speed": "fast",
                  "pass": true,
                  "fail": false,
                  "pending": false,
                  "context": null,
                  "code": "userForm.test_FirstName_Field(\"First Name\");",
                  "err": {},
                  "uuid": "4ec089fe-622f-4bf8-8055-bb1f7957c8b0",
                  "parentUUID": "6f20d609-1b88-4033-9d6c-4bedffc75622",
                  "isHook": false,
                  "skipped": false
                },
                {
                  "title": "First Name->Capital,Small and Spaces Allowed",
                  "fullTitle": "User Form Test Cases First Name Field Test Cases First Name->Capital,Small and Spaces Allowed",
                  "timedOut": null,
                  "duration": 744,
                  "state": "passed",
                  "speed": "fast",
                  "pass": true,
                  "fail": false,
                  "pending": false,
                  "context": null,
                  "code": "userForm.test_FirstName_Field(\"Jinay\");",
                  "err": {},
                  "uuid": "9b17c962-9869-404a-8937-4bcdbb93b588",
                  "parentUUID": "6f20d609-1b88-4033-9d6c-4bedffc75622",
                  "isHook": false,
                  "skipped": false
                }
              ],
              "suites": [],
              "passes": [
                "ba14152f-b908-455c-8fdc-1208f0567859",
                "48379ad9-a20f-4143-a556-4ab77737301a",
                "d767030a-0285-4e91-b3ae-dadbcb1e6b08",
                "6531b2a6-835e-49ae-aa98-3f8cad4fa129",
                "52c45761-905d-457f-a55f-ff0b28a2f2b1",
                "1a13ce20-17eb-4edf-8d17-9326f25f2c28",
                "b9a7085b-ecae-457d-81f9-89ab4f6e41b4",
                "cbff04de-654e-48db-98a8-c2a7f7024d0a",
                "7370f8e2-e0e5-45fd-92f9-17dd834896f2",
                "f8399278-dcdd-46cd-852e-5e4bbc5cfb29",
                "6805fa37-5a13-4387-b1f3-d224dd684c66",
                "8cbd4d38-4a03-4a4c-8211-5931c081ab6e",
                "5fceff55-da9a-4f70-adc2-9fd2335a5c07",
                "ec0ed47d-a919-4575-bbd5-5647f0d96bf6",
                "25c637dd-4d13-4781-a46e-5486f3b12706",
                "28642000-e91e-4307-b821-78f1aecf34d7",
                "3d3c52c2-c316-4aae-a45b-a66284fe93cf",
                "e2691ce5-5729-4646-8ac9-c2f7ba90b3ea",
                "4ec089fe-622f-4bf8-8055-bb1f7957c8b0",
                "9b17c962-9869-404a-8937-4bcdbb93b588"
              ],
              "failures": [],
              "pending": [],
              "skipped": [],
              "duration": 17416,
              "root": false,
              "rootEmpty": false,
              "_timeout": 2000
            },
            {
              "uuid": "be6fc47f-ecb3-4410-a63f-398d4f65aee4",
              "title": "Last Name Field Test Cases",
              "fullFile": "",
              "file": "",
              "beforeHooks": [],
              "afterHooks": [],
              "tests": [
                {
                  "title": "Last Name->Empty Field Not Allowed",
                  "fullTitle": "User Form Test Cases Last Name Field Test Cases Last Name->Empty Field Not Allowed",
                  "timedOut": null,
                  "duration": 362,
                  "state": "passed",
                  "speed": "fast",
                  "pass": true,
                  "fail": false,
                  "pending": false,
                  "context": null,
                  "code": "userForm.check_Last_Name_Label();\nuserForm.click_on_Register_Btn();",
                  "err": {},
                  "uuid": "0c8112dd-38f6-4a71-8884-d7ef52b25e57",
                  "parentUUID": "be6fc47f-ecb3-4410-a63f-398d4f65aee4",
                  "isHook": false,
                  "skipped": false
                },
                {
                  "title": "Last Name->Numbers Not Allowed",
                  "fullTitle": "User Form Test Cases Last Name Field Test Cases Last Name->Numbers Not Allowed",
                  "timedOut": null,
                  "duration": 673,
                  "state": "passed",
                  "speed": "fast",
                  "pass": true,
                  "fail": false,
                  "pending": false,
                  "context": null,
                  "code": "userForm.test_LastName_Field(\"56798\");",
                  "err": {},
                  "uuid": "900d2549-fd9a-4ca8-9c4c-67b437efb4f0",
                  "parentUUID": "be6fc47f-ecb3-4410-a63f-398d4f65aee4",
                  "isHook": false,
                  "skipped": false
                },
                {
                  "title": "Last Name->Special Characters Not Allowed",
                  "fullTitle": "User Form Test Cases Last Name Field Test Cases Last Name->Special Characters Not Allowed",
                  "timedOut": null,
                  "duration": 795,
                  "state": "passed",
                  "speed": "fast",
                  "pass": true,
                  "fail": false,
                  "pending": false,
                  "context": null,
                  "code": "userForm.test_LastName_Field(\"@#$%^&%$\");",
                  "err": {},
                  "uuid": "fd0097c2-e6fd-44cb-87f0-2a6b3d1c359f",
                  "parentUUID": "be6fc47f-ecb3-4410-a63f-398d4f65aee4",
                  "isHook": false,
                  "skipped": false
                },
                {
                  "title": "Last Name->Spaces Allowed",
                  "fullTitle": "User Form Test Cases Last Name Field Test Cases Last Name->Spaces Allowed",
                  "timedOut": null,
                  "duration": 861,
                  "state": "passed",
                  "speed": "fast",
                  "pass": true,
                  "fail": false,
                  "pending": false,
                  "context": null,
                  "code": "userForm.test_LastName_Field(\"f D @ Q\");",
                  "err": {},
                  "uuid": "32ab5e74-7724-4ac5-b49c-eb4066971607",
                  "parentUUID": "be6fc47f-ecb3-4410-a63f-398d4f65aee4",
                  "isHook": false,
                  "skipped": false
                },
                {
                  "title": "Last Name->Capital Letters Allowed",
                  "fullTitle": "User Form Test Cases Last Name Field Test Cases Last Name->Capital Letters Allowed",
                  "timedOut": null,
                  "duration": 825,
                  "state": "passed",
                  "speed": "fast",
                  "pass": true,
                  "fail": false,
                  "pending": false,
                  "context": null,
                  "code": "userForm.test_LastName_Field(\"LASTNAME\");",
                  "err": {},
                  "uuid": "c00e168f-a4cf-4464-99fa-6372a0044498",
                  "parentUUID": "be6fc47f-ecb3-4410-a63f-398d4f65aee4",
                  "isHook": false,
                  "skipped": false
                },
                {
                  "title": "Last Name->Small Letters Allowed",
                  "fullTitle": "User Form Test Cases Last Name Field Test Cases Last Name->Small Letters Allowed",
                  "timedOut": null,
                  "duration": 827,
                  "state": "passed",
                  "speed": "fast",
                  "pass": true,
                  "fail": false,
                  "pending": false,
                  "context": null,
                  "code": "userForm.test_LastName_Field(\"lastname\");",
                  "err": {},
                  "uuid": "ded5f462-6730-4f1d-8f97-09f6985eca44",
                  "parentUUID": "be6fc47f-ecb3-4410-a63f-398d4f65aee4",
                  "isHook": false,
                  "skipped": false
                },
                {
                  "title": "Last Name->Capital and Numbers Not Allowed",
                  "fullTitle": "User Form Test Cases Last Name Field Test Cases Last Name->Capital and Numbers Not Allowed",
                  "timedOut": null,
                  "duration": 824,
                  "state": "passed",
                  "speed": "fast",
                  "pass": true,
                  "fail": false,
                  "pending": false,
                  "context": null,
                  "code": "userForm.test_LastName_Field(\"LAST123\");",
                  "err": {},
                  "uuid": "dfc5cc16-85c6-4e5d-b8cd-e13d451d7959",
                  "parentUUID": "be6fc47f-ecb3-4410-a63f-398d4f65aee4",
                  "isHook": false,
                  "skipped": false
                },
                {
                  "title": "Last Name->Capital and Special Characters Not Allowed",
                  "fullTitle": "User Form Test Cases Last Name Field Test Cases Last Name->Capital and Special Characters Not Allowed",
                  "timedOut": null,
                  "duration": 784,
                  "state": "passed",
                  "speed": "fast",
                  "pass": true,
                  "fail": false,
                  "pending": false,
                  "context": null,
                  "code": "userForm.test_LastName_Field(\"!@LA@ST@$%\");",
                  "err": {},
                  "uuid": "e223263f-df97-4a0b-a174-5e9109842d71",
                  "parentUUID": "be6fc47f-ecb3-4410-a63f-398d4f65aee4",
                  "isHook": false,
                  "skipped": false
                },
                {
                  "title": "Last Name->Capital Letters and Spaces Allowed",
                  "fullTitle": "User Form Test Cases Last Name Field Test Cases Last Name->Capital Letters and Spaces Allowed",
                  "timedOut": null,
                  "duration": 937,
                  "state": "passed",
                  "speed": "fast",
                  "pass": true,
                  "fail": false,
                  "pending": false,
                  "context": null,
                  "code": "userForm.test_LastName_Field(\"LAST NAME DEMO\");",
                  "err": {},
                  "uuid": "90e6bbdc-acfe-4b69-a229-7056387c5046",
                  "parentUUID": "be6fc47f-ecb3-4410-a63f-398d4f65aee4",
                  "isHook": false,
                  "skipped": false
                },
                {
                  "title": "Last Name->Capital and Small Letters Allowed",
                  "fullTitle": "User Form Test Cases Last Name Field Test Cases Last Name->Capital and Small Letters Allowed",
                  "timedOut": null,
                  "duration": 846,
                  "state": "passed",
                  "speed": "fast",
                  "pass": true,
                  "fail": false,
                  "pending": false,
                  "context": null,
                  "code": "userForm.test_LastName_Field(\"LastName\");",
                  "err": {},
                  "uuid": "0610269f-86d2-424f-8770-d965adf6b73b",
                  "parentUUID": "be6fc47f-ecb3-4410-a63f-398d4f65aee4",
                  "isHook": false,
                  "skipped": false
                },
                {
                  "title": "Last Name->Small and Numbers Not Allowed",
                  "fullTitle": "User Form Test Cases Last Name Field Test Cases Last Name->Small and Numbers Not Allowed",
                  "timedOut": null,
                  "duration": 938,
                  "state": "passed",
                  "speed": "fast",
                  "pass": true,
                  "fail": false,
                  "pending": false,
                  "context": null,
                  "code": "userForm.test_LastName_Field(\"last123\");",
                  "err": {},
                  "uuid": "ef535547-5a0a-410d-8660-85531c3ae02f",
                  "parentUUID": "be6fc47f-ecb3-4410-a63f-398d4f65aee4",
                  "isHook": false,
                  "skipped": false
                },
                {
                  "title": "Last Name->Small and Special Characters Not Allowed",
                  "fullTitle": "User Form Test Cases Last Name Field Test Cases Last Name->Small and Special Characters Not Allowed",
                  "timedOut": null,
                  "duration": 860,
                  "state": "passed",
                  "speed": "fast",
                  "pass": true,
                  "fail": false,
                  "pending": false,
                  "context": null,
                  "code": "userForm.test_LastName_Field(\"las@#tr$%q\");",
                  "err": {},
                  "uuid": "97727150-aae6-4acc-bad7-7a12c4a2df7a",
                  "parentUUID": "be6fc47f-ecb3-4410-a63f-398d4f65aee4",
                  "isHook": false,
                  "skipped": false
                },
                {
                  "title": "Last Name->Small and Spaces Allowed",
                  "fullTitle": "User Form Test Cases Last Name Field Test Cases Last Name->Small and Spaces Allowed",
                  "timedOut": null,
                  "duration": 858,
                  "state": "passed",
                  "speed": "fast",
                  "pass": true,
                  "fail": false,
                  "pending": false,
                  "context": null,
                  "code": "userForm.test_LastName_Field(\"last name\");",
                  "err": {},
                  "uuid": "409d927f-ee80-482b-ac90-a9c3031940a6",
                  "parentUUID": "be6fc47f-ecb3-4410-a63f-398d4f65aee4",
                  "isHook": false,
                  "skipped": false
                },
                {
                  "title": "Last Name->Spaces and Numbers Not Allowed",
                  "fullTitle": "User Form Test Cases Last Name Field Test Cases Last Name->Spaces and Numbers Not Allowed",
                  "timedOut": null,
                  "duration": 890,
                  "state": "passed",
                  "speed": "fast",
                  "pass": true,
                  "fail": false,
                  "pending": false,
                  "context": null,
                  "code": "userForm.test_LastName_Field(\"1 23 785 8 9\");",
                  "err": {},
                  "uuid": "59f61988-233b-4f69-9e02-52b5f5de9ad4",
                  "parentUUID": "be6fc47f-ecb3-4410-a63f-398d4f65aee4",
                  "isHook": false,
                  "skipped": false
                },
                {
                  "title": "Last Name->Special Characters and Numbers Not Allowed",
                  "fullTitle": "User Form Test Cases Last Name Field Test Cases Last Name->Special Characters and Numbers Not Allowed",
                  "timedOut": null,
                  "duration": 932,
                  "state": "passed",
                  "speed": "fast",
                  "pass": true,
                  "fail": false,
                  "pending": false,
                  "context": null,
                  "code": "userForm.test_LastName_Field(\"52@#78@#454$%1*#\");",
                  "err": {},
                  "uuid": "27e09f70-7759-4f29-855c-702c7d7dc487",
                  "parentUUID": "be6fc47f-ecb3-4410-a63f-398d4f65aee4",
                  "isHook": false,
                  "skipped": false
                },
                {
                  "title": "Last Name->Special Characters and Spaces Not Allowed",
                  "fullTitle": "User Form Test Cases Last Name Field Test Cases Last Name->Special Characters and Spaces Not Allowed",
                  "timedOut": null,
                  "duration": 901,
                  "state": "passed",
                  "speed": "fast",
                  "pass": true,
                  "fail": false,
                  "pending": false,
                  "context": null,
                  "code": "userForm.test_LastName_Field(\"@$ % @#& *#! ^\");",
                  "err": {},
                  "uuid": "f01de55c-93d7-4a8b-b3e6-152104252e07",
                  "parentUUID": "be6fc47f-ecb3-4410-a63f-398d4f65aee4",
                  "isHook": false,
                  "skipped": false
                },
                {
                  "title": "Last Name->Capital,Small and Numbers Not Allowed",
                  "fullTitle": "User Form Test Cases Last Name Field Test Cases Last Name->Capital,Small and Numbers Not Allowed",
                  "timedOut": null,
                  "duration": 887,
                  "state": "passed",
                  "speed": "fast",
                  "pass": true,
                  "fail": false,
                  "pending": false,
                  "context": null,
                  "code": "userForm.test_LastName_Field(\"Last123Name\");",
                  "err": {},
                  "uuid": "7a015b4f-c2d7-4557-ab0d-e8b6f954501c",
                  "parentUUID": "be6fc47f-ecb3-4410-a63f-398d4f65aee4",
                  "isHook": false,
                  "skipped": false
                },
                {
                  "title": "Last Name->Capital,Small and Special Characters Not Allowed",
                  "fullTitle": "User Form Test Cases Last Name Field Test Cases Last Name->Capital,Small and Special Characters Not Allowed",
                  "timedOut": null,
                  "duration": 845,
                  "state": "passed",
                  "speed": "fast",
                  "pass": true,
                  "fail": false,
                  "pending": false,
                  "context": null,
                  "code": "userForm.test_LastName_Field(\"Last@Name\");",
                  "err": {},
                  "uuid": "cdd88b26-f888-49c0-b57d-ad2220b3c206",
                  "parentUUID": "be6fc47f-ecb3-4410-a63f-398d4f65aee4",
                  "isHook": false,
                  "skipped": false
                },
                {
                  "title": "Last Name->Capital,Small and Spaces Allowed",
                  "fullTitle": "User Form Test Cases Last Name Field Test Cases Last Name->Capital,Small and Spaces Allowed",
                  "timedOut": null,
                  "duration": 793,
                  "state": "passed",
                  "speed": "fast",
                  "pass": true,
                  "fail": false,
                  "pending": false,
                  "context": null,
                  "code": "userForm.test_LastName_Field(\"Last Name\");",
                  "err": {},
                  "uuid": "b9525af8-d650-42d1-9957-d4f4e41aaf4e",
                  "parentUUID": "be6fc47f-ecb3-4410-a63f-398d4f65aee4",
                  "isHook": false,
                  "skipped": false
                },
                {
                  "title": "Last Name->Capital,Small and Spaces Allowed",
                  "fullTitle": "User Form Test Cases Last Name Field Test Cases Last Name->Capital,Small and Spaces Allowed",
                  "timedOut": null,
                  "duration": 838,
                  "state": "passed",
                  "speed": "fast",
                  "pass": true,
                  "fail": false,
                  "pending": false,
                  "context": null,
                  "code": "userForm.test_LastName_Field(\"Shah\");",
                  "err": {},
                  "uuid": "4cac2cbd-57c4-4def-bb0a-7409c2c5a0fd",
                  "parentUUID": "be6fc47f-ecb3-4410-a63f-398d4f65aee4",
                  "isHook": false,
                  "skipped": false
                }
              ],
              "suites": [],
              "passes": [
                "0c8112dd-38f6-4a71-8884-d7ef52b25e57",
                "900d2549-fd9a-4ca8-9c4c-67b437efb4f0",
                "fd0097c2-e6fd-44cb-87f0-2a6b3d1c359f",
                "32ab5e74-7724-4ac5-b49c-eb4066971607",
                "c00e168f-a4cf-4464-99fa-6372a0044498",
                "ded5f462-6730-4f1d-8f97-09f6985eca44",
                "dfc5cc16-85c6-4e5d-b8cd-e13d451d7959",
                "e223263f-df97-4a0b-a174-5e9109842d71",
                "90e6bbdc-acfe-4b69-a229-7056387c5046",
                "0610269f-86d2-424f-8770-d965adf6b73b",
                "ef535547-5a0a-410d-8660-85531c3ae02f",
                "97727150-aae6-4acc-bad7-7a12c4a2df7a",
                "409d927f-ee80-482b-ac90-a9c3031940a6",
                "59f61988-233b-4f69-9e02-52b5f5de9ad4",
                "27e09f70-7759-4f29-855c-702c7d7dc487",
                "f01de55c-93d7-4a8b-b3e6-152104252e07",
                "7a015b4f-c2d7-4557-ab0d-e8b6f954501c",
                "cdd88b26-f888-49c0-b57d-ad2220b3c206",
                "b9525af8-d650-42d1-9957-d4f4e41aaf4e",
                "4cac2cbd-57c4-4def-bb0a-7409c2c5a0fd"
              ],
              "failures": [],
              "pending": [],
              "skipped": [],
              "duration": 16476,
              "root": false,
              "rootEmpty": false,
              "_timeout": 2000
            },
            {
              "uuid": "878d80c8-af03-4a18-b584-c5fdf4d4d2c8",
              "title": "Gender Field Test Cases",
              "fullFile": "",
              "file": "",
              "beforeHooks": [],
              "afterHooks": [],
              "tests": [
                {
                  "title": "Gender->No Any Option Selected",
                  "fullTitle": "User Form Test Cases Gender Field Test Cases Gender->No Any Option Selected",
                  "timedOut": null,
                  "duration": 308,
                  "state": "passed",
                  "speed": "fast",
                  "pass": true,
                  "fail": false,
                  "pending": false,
                  "context": null,
                  "code": "userForm.click_on_Register_Btn();",
                  "err": {},
                  "uuid": "622f0e20-9705-4dbd-a58d-a90bc7c0796a",
                  "parentUUID": "878d80c8-af03-4a18-b584-c5fdf4d4d2c8",
                  "isHook": false,
                  "skipped": false
                },
                {
                  "title": "Gender->Male Selected",
                  "fullTitle": "User Form Test Cases Gender Field Test Cases Gender->Male Selected",
                  "timedOut": null,
                  "duration": 470,
                  "state": "passed",
                  "speed": "fast",
                  "pass": true,
                  "fail": false,
                  "pending": false,
                  "context": null,
                  "code": "userForm.select_Gender(0, \"Male\", \"male\");",
                  "err": {},
                  "uuid": "cfa98c3d-e6b8-40d4-b7b7-bf8e9f6333a4",
                  "parentUUID": "878d80c8-af03-4a18-b584-c5fdf4d4d2c8",
                  "isHook": false,
                  "skipped": false
                },
                {
                  "title": "Gender->Female Selected",
                  "fullTitle": "User Form Test Cases Gender Field Test Cases Gender->Female Selected",
                  "timedOut": null,
                  "duration": 266,
                  "state": "passed",
                  "speed": "fast",
                  "pass": true,
                  "fail": false,
                  "pending": false,
                  "context": null,
                  "code": "userForm.select_Gender(1, \"Female\", \"female\");",
                  "err": {},
                  "uuid": "481c428e-43f1-4b3b-b941-393ea1312741",
                  "parentUUID": "878d80c8-af03-4a18-b584-c5fdf4d4d2c8",
                  "isHook": false,
                  "skipped": false
                },
                {
                  "title": "Gender->Other Selected",
                  "fullTitle": "User Form Test Cases Gender Field Test Cases Gender->Other Selected",
                  "timedOut": null,
                  "duration": 313,
                  "state": "passed",
                  "speed": "fast",
                  "pass": true,
                  "fail": false,
                  "pending": false,
                  "context": null,
                  "code": "userForm.select_Gender(2, \"Other\", \"other\");",
                  "err": {},
                  "uuid": "2e33ec28-12b6-4277-adf0-116f3f97bfd0",
                  "parentUUID": "878d80c8-af03-4a18-b584-c5fdf4d4d2c8",
                  "isHook": false,
                  "skipped": false
                },
                {
                  "title": "Gender->Fill Male Value",
                  "fullTitle": "User Form Test Cases Gender Field Test Cases Gender->Fill Male Value",
                  "timedOut": null,
                  "duration": 427,
                  "state": "passed",
                  "speed": "fast",
                  "pass": true,
                  "fail": false,
                  "pending": false,
                  "context": null,
                  "code": "userForm.select_Gender(0, \"Male\", \"male\");",
                  "err": {},
                  "uuid": "77b7f67d-1f35-4bc3-aeff-856da885b81e",
                  "parentUUID": "878d80c8-af03-4a18-b584-c5fdf4d4d2c8",
                  "isHook": false,
                  "skipped": false
                }
              ],
              "suites": [],
              "passes": [
                "622f0e20-9705-4dbd-a58d-a90bc7c0796a",
                "cfa98c3d-e6b8-40d4-b7b7-bf8e9f6333a4",
                "481c428e-43f1-4b3b-b941-393ea1312741",
                "2e33ec28-12b6-4277-adf0-116f3f97bfd0",
                "77b7f67d-1f35-4bc3-aeff-856da885b81e"
              ],
              "failures": [],
              "pending": [],
              "skipped": [],
              "duration": 1784,
              "root": false,
              "rootEmpty": false,
              "_timeout": 2000
            },
            {
              "uuid": "de3c6ec1-3199-41a7-b243-743d9f9a7473",
              "title": "Select Country Field Test Cases",
              "fullFile": "",
              "file": "",
              "beforeHooks": [],
              "afterHooks": [],
              "tests": [
                {
                  "title": "Select Country-Russia",
                  "fullTitle": "User Form Test Cases Select Country Field Test Cases Select Country-Russia",
                  "timedOut": null,
                  "duration": 370,
                  "state": "passed",
                  "speed": "fast",
                  "pass": true,
                  "fail": false,
                  "pending": false,
                  "context": null,
                  "code": "userForm.test_Select_Country_Field(\"Russia\");",
                  "err": {},
                  "uuid": "3723a045-069c-43c3-a601-a959d7b76d3f",
                  "parentUUID": "de3c6ec1-3199-41a7-b243-743d9f9a7473",
                  "isHook": false,
                  "skipped": false
                },
                {
                  "title": "Select Country-Australia",
                  "fullTitle": "User Form Test Cases Select Country Field Test Cases Select Country-Australia",
                  "timedOut": null,
                  "duration": 468,
                  "state": "passed",
                  "speed": "fast",
                  "pass": true,
                  "fail": false,
                  "pending": false,
                  "context": null,
                  "code": "userForm.test_Select_Country_Field(\"Australia\");",
                  "err": {},
                  "uuid": "217339bc-0dad-4f92-b681-d5e78e33ef0a",
                  "parentUUID": "de3c6ec1-3199-41a7-b243-743d9f9a7473",
                  "isHook": false,
                  "skipped": false
                },
                {
                  "title": "Select Country-Finland",
                  "fullTitle": "User Form Test Cases Select Country Field Test Cases Select Country-Finland",
                  "timedOut": null,
                  "duration": 384,
                  "state": "passed",
                  "speed": "fast",
                  "pass": true,
                  "fail": false,
                  "pending": false,
                  "context": null,
                  "code": "userForm.test_Select_Country_Field(\"Finland\");",
                  "err": {},
                  "uuid": "35e7536e-ba5d-4cdf-9ecd-b3f9a4e0c0ca",
                  "parentUUID": "de3c6ec1-3199-41a7-b243-743d9f9a7473",
                  "isHook": false,
                  "skipped": false
                },
                {
                  "title": "Select Country-Switzerland",
                  "fullTitle": "User Form Test Cases Select Country Field Test Cases Select Country-Switzerland",
                  "timedOut": null,
                  "duration": 342,
                  "state": "passed",
                  "speed": "fast",
                  "pass": true,
                  "fail": false,
                  "pending": false,
                  "context": null,
                  "code": "userForm.test_Select_Country_Field(\"Switzerland\");",
                  "err": {},
                  "uuid": "ad39f676-322b-4fea-aa54-8cc1d0f94b34",
                  "parentUUID": "de3c6ec1-3199-41a7-b243-743d9f9a7473",
                  "isHook": false,
                  "skipped": false
                },
                {
                  "title": "Select Country-India",
                  "fullTitle": "User Form Test Cases Select Country Field Test Cases Select Country-India",
                  "timedOut": null,
                  "duration": 490,
                  "state": "passed",
                  "speed": "fast",
                  "pass": true,
                  "fail": false,
                  "pending": false,
                  "context": null,
                  "code": "userForm.test_Select_Country_Field(\"India\");",
                  "err": {},
                  "uuid": "3fd7981e-2bb3-4f4f-abae-97feed7c9f14",
                  "parentUUID": "de3c6ec1-3199-41a7-b243-743d9f9a7473",
                  "isHook": false,
                  "skipped": false
                },
                {
                  "title": "Select Country-Oman",
                  "fullTitle": "User Form Test Cases Select Country Field Test Cases Select Country-Oman",
                  "timedOut": null,
                  "duration": 381,
                  "state": "passed",
                  "speed": "fast",
                  "pass": true,
                  "fail": false,
                  "pending": false,
                  "context": null,
                  "code": "userForm.test_Select_Country_Field(\"Oman\");",
                  "err": {},
                  "uuid": "47f4c227-e2fa-4a9b-911c-7ed55fc89f3c",
                  "parentUUID": "de3c6ec1-3199-41a7-b243-743d9f9a7473",
                  "isHook": false,
                  "skipped": false
                },
                {
                  "title": "Select Country-Singapore",
                  "fullTitle": "User Form Test Cases Select Country Field Test Cases Select Country-Singapore",
                  "timedOut": null,
                  "duration": 457,
                  "state": "passed",
                  "speed": "fast",
                  "pass": true,
                  "fail": false,
                  "pending": false,
                  "context": null,
                  "code": "userForm.test_Select_Country_Field(\"Singapore\");",
                  "err": {},
                  "uuid": "68e5117c-4e84-4573-9ab4-e7f9c6ea37ce",
                  "parentUUID": "de3c6ec1-3199-41a7-b243-743d9f9a7473",
                  "isHook": false,
                  "skipped": false
                },
                {
                  "title": "Select Country-Canada",
                  "fullTitle": "User Form Test Cases Select Country Field Test Cases Select Country-Canada",
                  "timedOut": null,
                  "duration": 350,
                  "state": "passed",
                  "speed": "fast",
                  "pass": true,
                  "fail": false,
                  "pending": false,
                  "context": null,
                  "code": "userForm.test_Select_Country_Field(\"Canada\");",
                  "err": {},
                  "uuid": "ad564ba0-330b-4376-ab8e-01658d1507fa",
                  "parentUUID": "de3c6ec1-3199-41a7-b243-743d9f9a7473",
                  "isHook": false,
                  "skipped": false
                },
                {
                  "title": "Select Country-United States of America",
                  "fullTitle": "User Form Test Cases Select Country Field Test Cases Select Country-United States of America",
                  "timedOut": null,
                  "duration": 412,
                  "state": "passed",
                  "speed": "fast",
                  "pass": true,
                  "fail": false,
                  "pending": false,
                  "context": null,
                  "code": "userForm.test_Select_Country_Field(\"United States of America\");",
                  "err": {},
                  "uuid": "4427c359-c0c6-4d40-9101-11cf5b1717f5",
                  "parentUUID": "de3c6ec1-3199-41a7-b243-743d9f9a7473",
                  "isHook": false,
                  "skipped": false
                },
                {
                  "title": "Select Country-United Kingdom",
                  "fullTitle": "User Form Test Cases Select Country Field Test Cases Select Country-United Kingdom",
                  "timedOut": null,
                  "duration": 377,
                  "state": "passed",
                  "speed": "fast",
                  "pass": true,
                  "fail": false,
                  "pending": false,
                  "context": null,
                  "code": "userForm.test_Select_Country_Field(\"United Kingdom\");",
                  "err": {},
                  "uuid": "2f152af3-f82e-491b-91ca-a5ce0c55a977",
                  "parentUUID": "de3c6ec1-3199-41a7-b243-743d9f9a7473",
                  "isHook": false,
                  "skipped": false
                },
                {
                  "title": "Select Country-Pakistan",
                  "fullTitle": "User Form Test Cases Select Country Field Test Cases Select Country-Pakistan",
                  "timedOut": null,
                  "duration": 358,
                  "state": "passed",
                  "speed": "fast",
                  "pass": true,
                  "fail": false,
                  "pending": false,
                  "context": null,
                  "code": "userForm.test_Select_Country_Field(\"Pakistan\");",
                  "err": {},
                  "uuid": "7af86175-f177-4037-b959-92c96f8cf725",
                  "parentUUID": "de3c6ec1-3199-41a7-b243-743d9f9a7473",
                  "isHook": false,
                  "skipped": false
                },
                {
                  "title": "Select Country-Nepal",
                  "fullTitle": "User Form Test Cases Select Country Field Test Cases Select Country-Nepal",
                  "timedOut": null,
                  "duration": 492,
                  "state": "passed",
                  "speed": "fast",
                  "pass": true,
                  "fail": false,
                  "pending": false,
                  "context": null,
                  "code": "userForm.test_Select_Country_Field(\"Nepal\");",
                  "err": {},
                  "uuid": "a2602110-5882-4c75-a553-91271708e73c",
                  "parentUUID": "de3c6ec1-3199-41a7-b243-743d9f9a7473",
                  "isHook": false,
                  "skipped": false
                },
                {
                  "title": "Select Country-India",
                  "fullTitle": "User Form Test Cases Select Country Field Test Cases Select Country-India",
                  "timedOut": null,
                  "duration": 360,
                  "state": "passed",
                  "speed": "fast",
                  "pass": true,
                  "fail": false,
                  "pending": false,
                  "context": null,
                  "code": "userForm.test_Select_Country_Field(\"India\");",
                  "err": {},
                  "uuid": "f0e1d3bd-c025-4eee-9c22-628444abcfa5",
                  "parentUUID": "de3c6ec1-3199-41a7-b243-743d9f9a7473",
                  "isHook": false,
                  "skipped": false
                }
              ],
              "suites": [],
              "passes": [
                "3723a045-069c-43c3-a601-a959d7b76d3f",
                "217339bc-0dad-4f92-b681-d5e78e33ef0a",
                "35e7536e-ba5d-4cdf-9ecd-b3f9a4e0c0ca",
                "ad39f676-322b-4fea-aa54-8cc1d0f94b34",
                "3fd7981e-2bb3-4f4f-abae-97feed7c9f14",
                "47f4c227-e2fa-4a9b-911c-7ed55fc89f3c",
                "68e5117c-4e84-4573-9ab4-e7f9c6ea37ce",
                "ad564ba0-330b-4376-ab8e-01658d1507fa",
                "4427c359-c0c6-4d40-9101-11cf5b1717f5",
                "2f152af3-f82e-491b-91ca-a5ce0c55a977",
                "7af86175-f177-4037-b959-92c96f8cf725",
                "a2602110-5882-4c75-a553-91271708e73c",
                "f0e1d3bd-c025-4eee-9c22-628444abcfa5"
              ],
              "failures": [],
              "pending": [],
              "skipped": [],
              "duration": 5241,
              "root": false,
              "rootEmpty": false,
              "_timeout": 2000
            },
            {
              "uuid": "88474673-15ce-47be-88ee-9e680896d163",
              "title": "Mobile Number Field Test Cases",
              "fullFile": "",
              "file": "",
              "beforeHooks": [],
              "afterHooks": [],
              "tests": [
                {
                  "title": "Mobile Number->Empty Field",
                  "fullTitle": "User Form Test Cases Mobile Number Field Test Cases Mobile Number->Empty Field",
                  "timedOut": null,
                  "duration": 383,
                  "state": "passed",
                  "speed": "fast",
                  "pass": true,
                  "fail": false,
                  "pending": false,
                  "context": null,
                  "code": "userForm.verify_Mobile_Number_Label();\nuserForm.click_on_Register_Btn();",
                  "err": {},
                  "uuid": "beb502cc-cf81-4358-bb01-3ae92fc78ce7",
                  "parentUUID": "88474673-15ce-47be-88ee-9e680896d163",
                  "isHook": false,
                  "skipped": false
                },
                {
                  "title": "Mobile Number->Capital Letters Not Allowed",
                  "fullTitle": "User Form Test Cases Mobile Number Field Test Cases Mobile Number->Capital Letters Not Allowed",
                  "timedOut": null,
                  "duration": 934,
                  "state": "passed",
                  "speed": "fast",
                  "pass": true,
                  "fail": false,
                  "pending": false,
                  "context": null,
                  "code": "userForm.test_Mobile_Number_Field(\"MOBILENUMBER\");",
                  "err": {},
                  "uuid": "c6851f7d-c520-4e4a-bdb8-821a7c9478c1",
                  "parentUUID": "88474673-15ce-47be-88ee-9e680896d163",
                  "isHook": false,
                  "skipped": false
                },
                {
                  "title": "Mobile Number->Small Letters Not Allowed",
                  "fullTitle": "User Form Test Cases Mobile Number Field Test Cases Mobile Number->Small Letters Not Allowed",
                  "timedOut": null,
                  "duration": 817,
                  "state": "passed",
                  "speed": "fast",
                  "pass": true,
                  "fail": false,
                  "pending": false,
                  "context": null,
                  "code": "userForm.test_Mobile_Number_Field(\"mobilenumber\");",
                  "err": {},
                  "uuid": "90b29165-ee72-4cd7-a7f0-63a1e3fe1126",
                  "parentUUID": "88474673-15ce-47be-88ee-9e680896d163",
                  "isHook": false,
                  "skipped": false
                },
                {
                  "title": "Mobile Number->Special Characters Not Allowed",
                  "fullTitle": "User Form Test Cases Mobile Number Field Test Cases Mobile Number->Special Characters Not Allowed",
                  "timedOut": null,
                  "duration": 904,
                  "state": "passed",
                  "speed": "fast",
                  "pass": true,
                  "fail": false,
                  "pending": false,
                  "context": null,
                  "code": "userForm.test_Mobile_Number_Field(\"!@#$%&*()\");",
                  "err": {},
                  "uuid": "b7988e3a-1480-4008-98db-19a8f2b4b476",
                  "parentUUID": "88474673-15ce-47be-88ee-9e680896d163",
                  "isHook": false,
                  "skipped": false
                },
                {
                  "title": "Mobile Number->Spaces Not Allowed",
                  "fullTitle": "User Form Test Cases Mobile Number Field Test Cases Mobile Number->Spaces Not Allowed",
                  "timedOut": null,
                  "duration": 913,
                  "state": "passed",
                  "speed": "fast",
                  "pass": true,
                  "fail": false,
                  "pending": false,
                  "context": null,
                  "code": "userForm.test_Mobile_Number_Field(\"M o b i l e\");",
                  "err": {},
                  "uuid": "27d4d0df-2d18-4fb0-bf40-dcfcd3480aa5",
                  "parentUUID": "88474673-15ce-47be-88ee-9e680896d163",
                  "isHook": false,
                  "skipped": false
                },
                {
                  "title": "Mobile Number->Numbers with Capital Letters Not Allowed",
                  "fullTitle": "User Form Test Cases Mobile Number Field Test Cases Mobile Number->Numbers with Capital Letters Not Allowed",
                  "timedOut": null,
                  "duration": 854,
                  "state": "passed",
                  "speed": "fast",
                  "pass": true,
                  "fail": false,
                  "pending": false,
                  "context": null,
                  "code": "userForm.test_Mobile_Number_Field(\"99Q7458AWE\");",
                  "err": {},
                  "uuid": "4ff15b0f-d6e4-43fe-8f13-fb5e62aaa5ba",
                  "parentUUID": "88474673-15ce-47be-88ee-9e680896d163",
                  "isHook": false,
                  "skipped": false
                },
                {
                  "title": "Mobile Number->Numbers with Small Letters Not Allowed",
                  "fullTitle": "User Form Test Cases Mobile Number Field Test Cases Mobile Number->Numbers with Small Letters Not Allowed",
                  "timedOut": null,
                  "duration": 880,
                  "state": "passed",
                  "speed": "fast",
                  "pass": true,
                  "fail": false,
                  "pending": false,
                  "context": null,
                  "code": "userForm.test_Mobile_Number_Field(\"85awed1247\");",
                  "err": {},
                  "uuid": "573281bc-fa7a-41f1-a091-b22e58639be4",
                  "parentUUID": "88474673-15ce-47be-88ee-9e680896d163",
                  "isHook": false,
                  "skipped": false
                },
                {
                  "title": "Mobile Number->Numbers with Special Characters Not Allowed",
                  "fullTitle": "User Form Test Cases Mobile Number Field Test Cases Mobile Number->Numbers with Special Characters Not Allowed",
                  "timedOut": null,
                  "duration": 852,
                  "state": "passed",
                  "speed": "fast",
                  "pass": true,
                  "fail": false,
                  "pending": false,
                  "context": null,
                  "code": "userForm.test_Mobile_Number_Field(\"8547@#2#$1\");",
                  "err": {},
                  "uuid": "d3602fc5-89df-454c-b052-55991f6c652f",
                  "parentUUID": "88474673-15ce-47be-88ee-9e680896d163",
                  "isHook": false,
                  "skipped": false
                },
                {
                  "title": "Mobile Number->Numbers with Spaces Not Allowed",
                  "fullTitle": "User Form Test Cases Mobile Number Field Test Cases Mobile Number->Numbers with Spaces Not Allowed",
                  "timedOut": null,
                  "duration": 858,
                  "state": "passed",
                  "speed": "fast",
                  "pass": true,
                  "fail": false,
                  "pending": false,
                  "context": null,
                  "code": "userForm.test_Mobile_Number_Field(\"95 5 74 745\");",
                  "err": {},
                  "uuid": "e6b1cfd5-3bb7-464e-8b66-37c8a7cd24d4",
                  "parentUUID": "88474673-15ce-47be-88ee-9e680896d163",
                  "isHook": false,
                  "skipped": false
                },
                {
                  "title": "Mobile Number->Length-3(<10) Not Allowed",
                  "fullTitle": "User Form Test Cases Mobile Number Field Test Cases Mobile Number->Length-3(<10) Not Allowed",
                  "timedOut": null,
                  "duration": 641,
                  "state": "passed",
                  "speed": "fast",
                  "pass": true,
                  "fail": false,
                  "pending": false,
                  "context": null,
                  "code": "userForm.test_Mobile_Number_Field(\"958\");",
                  "err": {},
                  "uuid": "f1129582-c0f3-4180-99c8-fc6c196d781c",
                  "parentUUID": "88474673-15ce-47be-88ee-9e680896d163",
                  "isHook": false,
                  "skipped": false
                },
                {
                  "title": "Mobile Number->Length-5(<10) Not Allowed",
                  "fullTitle": "User Form Test Cases Mobile Number Field Test Cases Mobile Number->Length-5(<10) Not Allowed",
                  "timedOut": null,
                  "duration": 842,
                  "state": "passed",
                  "speed": "fast",
                  "pass": true,
                  "fail": false,
                  "pending": false,
                  "context": null,
                  "code": "userForm.test_Mobile_Number_Field(\"95854\");",
                  "err": {},
                  "uuid": "84217ff6-80a2-4fb1-8c20-c29e7a673b0e",
                  "parentUUID": "88474673-15ce-47be-88ee-9e680896d163",
                  "isHook": false,
                  "skipped": false
                },
                {
                  "title": "Mobile Number->Length-9(<10) Not Allowed",
                  "fullTitle": "User Form Test Cases Mobile Number Field Test Cases Mobile Number->Length-9(<10) Not Allowed",
                  "timedOut": null,
                  "duration": 926,
                  "state": "passed",
                  "speed": "fast",
                  "pass": true,
                  "fail": false,
                  "pending": false,
                  "context": null,
                  "code": "userForm.test_Mobile_Number_Field(\"958541423\");",
                  "err": {},
                  "uuid": "90542dc6-2b12-4131-b97d-52d3b3371926",
                  "parentUUID": "88474673-15ce-47be-88ee-9e680896d163",
                  "isHook": false,
                  "skipped": false
                },
                {
                  "title": "Mobile Number->Length-10 Allowed",
                  "fullTitle": "User Form Test Cases Mobile Number Field Test Cases Mobile Number->Length-10 Allowed",
                  "timedOut": null,
                  "duration": 907,
                  "state": "passed",
                  "speed": "fast",
                  "pass": true,
                  "fail": false,
                  "pending": false,
                  "context": null,
                  "code": "userForm.test_Mobile_Number_Field(\"9585414237\");",
                  "err": {},
                  "uuid": "2435674e-add2-4cc5-a0e6-3445d1e51c14",
                  "parentUUID": "88474673-15ce-47be-88ee-9e680896d163",
                  "isHook": false,
                  "skipped": false
                },
                {
                  "title": "Mobile Number->Length-10,start with 0 Not Allowed",
                  "fullTitle": "User Form Test Cases Mobile Number Field Test Cases Mobile Number->Length-10,start with 0 Not Allowed",
                  "timedOut": null,
                  "duration": 812,
                  "state": "passed",
                  "speed": "fast",
                  "pass": true,
                  "fail": false,
                  "pending": false,
                  "context": null,
                  "code": "userForm.test_Mobile_Number_Field(\"0123456789\");",
                  "err": {},
                  "uuid": "5038039d-60f8-4300-a64e-dbfb88557639",
                  "parentUUID": "88474673-15ce-47be-88ee-9e680896d163",
                  "isHook": false,
                  "skipped": false
                },
                {
                  "title": "Mobile Number->Length-10,start with 1 Not Allowed",
                  "fullTitle": "User Form Test Cases Mobile Number Field Test Cases Mobile Number->Length-10,start with 1 Not Allowed",
                  "timedOut": null,
                  "duration": 894,
                  "state": "passed",
                  "speed": "fast",
                  "pass": true,
                  "fail": false,
                  "pending": false,
                  "context": null,
                  "code": "userForm.test_Mobile_Number_Field(\"1234567890\");",
                  "err": {},
                  "uuid": "d2614e7d-b780-4c14-a904-6e7bcd5c1a50",
                  "parentUUID": "88474673-15ce-47be-88ee-9e680896d163",
                  "isHook": false,
                  "skipped": false
                },
                {
                  "title": "Mobile Number->Length-10,start with 2 Not Allowed",
                  "fullTitle": "User Form Test Cases Mobile Number Field Test Cases Mobile Number->Length-10,start with 2 Not Allowed",
                  "timedOut": null,
                  "duration": 871,
                  "state": "passed",
                  "speed": "fast",
                  "pass": true,
                  "fail": false,
                  "pending": false,
                  "context": null,
                  "code": "userForm.test_Mobile_Number_Field(\"2345678901\");",
                  "err": {},
                  "uuid": "e2125191-b5bc-4fc8-a093-f29c7cca900a",
                  "parentUUID": "88474673-15ce-47be-88ee-9e680896d163",
                  "isHook": false,
                  "skipped": false
                },
                {
                  "title": "Mobile Number->Length-10,start with 3 Not Allowed",
                  "fullTitle": "User Form Test Cases Mobile Number Field Test Cases Mobile Number->Length-10,start with 3 Not Allowed",
                  "timedOut": null,
                  "duration": 893,
                  "state": "passed",
                  "speed": "fast",
                  "pass": true,
                  "fail": false,
                  "pending": false,
                  "context": null,
                  "code": "userForm.test_Mobile_Number_Field(\"3456789012\");",
                  "err": {},
                  "uuid": "90b275e7-254b-4804-8d35-9b47f6e9fa83",
                  "parentUUID": "88474673-15ce-47be-88ee-9e680896d163",
                  "isHook": false,
                  "skipped": false
                },
                {
                  "title": "Mobile Number->Length-10,start with 4 Not Allowed",
                  "fullTitle": "User Form Test Cases Mobile Number Field Test Cases Mobile Number->Length-10,start with 4 Not Allowed",
                  "timedOut": null,
                  "duration": 786,
                  "state": "passed",
                  "speed": "fast",
                  "pass": true,
                  "fail": false,
                  "pending": false,
                  "context": null,
                  "code": "userForm.test_Mobile_Number_Field(\"4567890123\");",
                  "err": {},
                  "uuid": "d1b94784-0292-4074-8190-13de1e769735",
                  "parentUUID": "88474673-15ce-47be-88ee-9e680896d163",
                  "isHook": false,
                  "skipped": false
                },
                {
                  "title": "Mobile Number->Length-10,start with 5 Not Allowed",
                  "fullTitle": "User Form Test Cases Mobile Number Field Test Cases Mobile Number->Length-10,start with 5 Not Allowed",
                  "timedOut": null,
                  "duration": 835,
                  "state": "passed",
                  "speed": "fast",
                  "pass": true,
                  "fail": false,
                  "pending": false,
                  "context": null,
                  "code": "userForm.test_Mobile_Number_Field(\"5678901234\");",
                  "err": {},
                  "uuid": "8f5c6fe5-4c68-4b7c-b400-795df69e3627",
                  "parentUUID": "88474673-15ce-47be-88ee-9e680896d163",
                  "isHook": false,
                  "skipped": false
                },
                {
                  "title": "Mobile Number->Length<10,start with 6 Not Allowed",
                  "fullTitle": "User Form Test Cases Mobile Number Field Test Cases Mobile Number->Length<10,start with 6 Not Allowed",
                  "timedOut": null,
                  "duration": 724,
                  "state": "passed",
                  "speed": "fast",
                  "pass": true,
                  "fail": false,
                  "pending": false,
                  "context": null,
                  "code": "userForm.test_Mobile_Number_Field(\"6789123\");",
                  "err": {},
                  "uuid": "894b10a5-5491-4754-a572-347b3f8bc0d9",
                  "parentUUID": "88474673-15ce-47be-88ee-9e680896d163",
                  "isHook": false,
                  "skipped": false
                },
                {
                  "title": "Mobile Number->Length<10,start with 7 Not Allowed",
                  "fullTitle": "User Form Test Cases Mobile Number Field Test Cases Mobile Number->Length<10,start with 7 Not Allowed",
                  "timedOut": null,
                  "duration": 758,
                  "state": "passed",
                  "speed": "fast",
                  "pass": true,
                  "fail": false,
                  "pending": false,
                  "context": null,
                  "code": "userForm.test_Mobile_Number_Field(\"78912754\");",
                  "err": {},
                  "uuid": "1d57ab36-7c9c-4e3a-8bd1-decac17b0344",
                  "parentUUID": "88474673-15ce-47be-88ee-9e680896d163",
                  "isHook": false,
                  "skipped": false
                },
                {
                  "title": "Mobile Number->Length<10,start with 8 Not Allowed",
                  "fullTitle": "User Form Test Cases Mobile Number Field Test Cases Mobile Number->Length<10,start with 8 Not Allowed",
                  "timedOut": null,
                  "duration": 724,
                  "state": "passed",
                  "speed": "fast",
                  "pass": true,
                  "fail": false,
                  "pending": false,
                  "context": null,
                  "code": "userForm.test_Mobile_Number_Field(\"87461\");",
                  "err": {},
                  "uuid": "ab5f40cd-5b48-4f7c-9b4c-9a7e59d25e80",
                  "parentUUID": "88474673-15ce-47be-88ee-9e680896d163",
                  "isHook": false,
                  "skipped": false
                },
                {
                  "title": "Mobile Number->Length<10,start with 9 Not Allowed",
                  "fullTitle": "User Form Test Cases Mobile Number Field Test Cases Mobile Number->Length<10,start with 9 Not Allowed",
                  "timedOut": null,
                  "duration": 905,
                  "state": "passed",
                  "speed": "fast",
                  "pass": true,
                  "fail": false,
                  "pending": false,
                  "context": null,
                  "code": "userForm.test_Mobile_Number_Field(\"957824177\");",
                  "err": {},
                  "uuid": "8eb6b24c-d932-4af3-b151-399e82897d9c",
                  "parentUUID": "88474673-15ce-47be-88ee-9e680896d163",
                  "isHook": false,
                  "skipped": false
                },
                {
                  "title": "Mobile Number->Length=10,start with 6,Captital Letters Not Allowed",
                  "fullTitle": "User Form Test Cases Mobile Number Field Test Cases Mobile Number->Length=10,start with 6,Captital Letters Not Allowed",
                  "timedOut": null,
                  "duration": 834,
                  "state": "passed",
                  "speed": "fast",
                  "pass": true,
                  "fail": false,
                  "pending": false,
                  "context": null,
                  "code": "userForm.test_Mobile_Number_Field(\"695A824B1C\");",
                  "err": {},
                  "uuid": "1282a5f4-6a48-4f08-9ca0-f927c0b4e195",
                  "parentUUID": "88474673-15ce-47be-88ee-9e680896d163",
                  "isHook": false,
                  "skipped": false
                },
                {
                  "title": "Mobile Number->Length=10,start with 7,Captital Letters Not Allowed",
                  "fullTitle": "User Form Test Cases Mobile Number Field Test Cases Mobile Number->Length=10,start with 7,Captital Letters Not Allowed",
                  "timedOut": null,
                  "duration": 986,
                  "state": "passed",
                  "speed": "fast",
                  "pass": true,
                  "fail": false,
                  "pending": false,
                  "context": null,
                  "code": "userForm.test_Mobile_Number_Field(\"7ER578DCV1\");",
                  "err": {},
                  "uuid": "8cc6ecd3-7232-4d96-ab1f-a1ba15ce6c27",
                  "parentUUID": "88474673-15ce-47be-88ee-9e680896d163",
                  "isHook": false,
                  "skipped": false
                },
                {
                  "title": "Mobile Number->Length=10,start with 8,Captital Letters Not Allowed",
                  "fullTitle": "User Form Test Cases Mobile Number Field Test Cases Mobile Number->Length=10,start with 8,Captital Letters Not Allowed",
                  "timedOut": null,
                  "duration": 843,
                  "state": "passed",
                  "speed": "fast",
                  "pass": true,
                  "fail": false,
                  "pending": false,
                  "context": null,
                  "code": "userForm.test_Mobile_Number_Field(\"8G578DCV1A\");",
                  "err": {},
                  "uuid": "1536315f-7987-406c-b93e-85a5fd2b850c",
                  "parentUUID": "88474673-15ce-47be-88ee-9e680896d163",
                  "isHook": false,
                  "skipped": false
                },
                {
                  "title": "Mobile Number->Length=10,start with 9,Captital Letters Not Allowed",
                  "fullTitle": "User Form Test Cases Mobile Number Field Test Cases Mobile Number->Length=10,start with 9,Captital Letters Not Allowed",
                  "timedOut": null,
                  "duration": 891,
                  "state": "passed",
                  "speed": "fast",
                  "pass": true,
                  "fail": false,
                  "pending": false,
                  "context": null,
                  "code": "userForm.test_Mobile_Number_Field(\"9SD8258AW7\");",
                  "err": {},
                  "uuid": "a511e1e1-1504-46e8-89aa-daf6f1cece26",
                  "parentUUID": "88474673-15ce-47be-88ee-9e680896d163",
                  "isHook": false,
                  "skipped": false
                },
                {
                  "title": "Mobile Number->Length=10,start with 6,Small Letters Not Allowed",
                  "fullTitle": "User Form Test Cases Mobile Number Field Test Cases Mobile Number->Length=10,start with 6,Small Letters Not Allowed",
                  "timedOut": null,
                  "duration": 871,
                  "state": "passed",
                  "speed": "fast",
                  "pass": true,
                  "fail": false,
                  "pending": false,
                  "context": null,
                  "code": "userForm.test_Mobile_Number_Field(\"6mb85wd74q\");",
                  "err": {},
                  "uuid": "6a37f139-84a4-47a8-9b20-db2638a8f30d",
                  "parentUUID": "88474673-15ce-47be-88ee-9e680896d163",
                  "isHook": false,
                  "skipped": false
                },
                {
                  "title": "Mobile Number->Length=10,start with 7,Small Letters Not Allowed",
                  "fullTitle": "User Form Test Cases Mobile Number Field Test Cases Mobile Number->Length=10,start with 7,Small Letters Not Allowed",
                  "timedOut": null,
                  "duration": 866,
                  "state": "passed",
                  "speed": "fast",
                  "pass": true,
                  "fail": false,
                  "pending": false,
                  "context": null,
                  "code": "userForm.test_Mobile_Number_Field(\"758eedf54a\");",
                  "err": {},
                  "uuid": "ea8858f8-e540-4982-941c-cd4f23287397",
                  "parentUUID": "88474673-15ce-47be-88ee-9e680896d163",
                  "isHook": false,
                  "skipped": false
                },
                {
                  "title": "Mobile Number->Length=10,start with 8,Small Letters Not Allowed",
                  "fullTitle": "User Form Test Cases Mobile Number Field Test Cases Mobile Number->Length=10,start with 8,Small Letters Not Allowed",
                  "timedOut": null,
                  "duration": 897,
[...]
                          "err": {},
                          "uuid": "38962bd0-ffe0-48d5-b45d-f03d4c476089",
                          "parentUUID": "ca1d82c5-1f47-4142-896b-f99caeaf1a37",
                          "isHook": false,
                          "skipped": false
                        },
                        {
                          "title": "New Password(with Length >= 10)-only Special Characters",
                          "fullTitle": "User Form Test Cases Password Field Test Cases Wrong Combinations for  Password New Password have Length more than or equal to 10 Characters New Password(with Length >= 10)-only Special Characters",
                          "timedOut": null,
                          "duration": 1015,
                          "state": "passed",
                          "speed": "fast",
                          "pass": true,
                          "fail": false,
                          "pending": false,
                          "context": null,
                          "code": "userForm.clear_Password_Field();\nuserForm.verify_Password_Field();\nuserForm.pass_false_New_Password_len_true_Field(\"!@#$%^*#@#$%^&*\");\nuserForm.click_on_Register_Btn();",
                          "err": {},
                          "uuid": "f7de8294-a145-4f8b-9dda-e9426dd70b6d",
                          "parentUUID": "ca1d82c5-1f47-4142-896b-f99caeaf1a37",
                          "isHook": false,
                          "skipped": false
                        },
                        {
                          "title": "New Password(with Length >= 10)-Capital and Small Letters",
                          "fullTitle": "User Form Test Cases Password Field Test Cases Wrong Combinations for  Password New Password have Length more than or equal to 10 Characters New Password(with Length >= 10)-Capital and Small Letters",
                          "timedOut": null,
                          "duration": 1088,
                          "state": "passed",
                          "speed": "fast",
                          "pass": true,
                          "fail": false,
                          "pending": false,
                          "context": null,
                          "code": "userForm.clear_Password_Field();\nuserForm.verify_Password_Field();\nuserForm.pass_false_New_Password_len_true_Field(\"PASSWORDtesting\");\nuserForm.click_on_Register_Btn();",
                          "err": {},
                          "uuid": "dbd269ec-989b-46c7-a5d9-8d6ff301a98e",
                          "parentUUID": "ca1d82c5-1f47-4142-896b-f99caeaf1a37",
                          "isHook": false,
                          "skipped": false
                        },
                        {
                          "title": "New Password(with Length >= 10)-Captital and Numbers",
                          "fullTitle": "User Form Test Cases Password Field Test Cases Wrong Combinations for  Password New Password have Length more than or equal to 10 Characters New Password(with Length >= 10)-Captital and Numbers",
                          "timedOut": null,
                          "duration": 1034,
                          "state": "passed",
                          "speed": "fast",
                          "pass": true,
                          "fail": false,
                          "pending": false,
                          "context": null,
                          "code": "userForm.clear_Password_Field();\nuserForm.verify_Password_Field();\nuserForm.pass_false_New_Password_len_true_Field(\"TESTING12345678\");\nuserForm.click_on_Register_Btn();",
                          "err": {},
                          "uuid": "0235b855-fa70-436a-9413-93ea98ac36a7",
                          "parentUUID": "ca1d82c5-1f47-4142-896b-f99caeaf1a37",
                          "isHook": false,
                          "skipped": false
                        },
                        {
                          "title": "New Password(with Length < 10)-Captial and Special Characters",
                          "fullTitle": "User Form Test Cases Password Field Test Cases Wrong Combinations for  Password New Password have Length more than or equal to 10 Characters New Password(with Length < 10)-Captial and Special Characters",
                          "timedOut": null,
                          "duration": 1934,
                          "state": "passed",
                          "speed": "fast",
                          "pass": true,
                          "fail": false,
                          "pending": false,
                          "context": null,
                          "code": "userForm.clear_Password_Field();\nuserForm.verify_Password_Field();\nuserForm.pass_false_New_Password_len_true_Field(\"TESTING@#$$%^&@#\");\nuserForm.click_on_Register_Btn();",
                          "err": {},
                          "uuid": "fb69e905-5d62-4fce-b10c-4f7ed923b0d1",
                          "parentUUID": "ca1d82c5-1f47-4142-896b-f99caeaf1a37",
                          "isHook": false,
                          "skipped": false
                        },
                        {
                          "title": "New Password(with Length >= 10)-Small Letters and Numbers",
                          "fullTitle": "User Form Test Cases Password Field Test Cases Wrong Combinations for  Password New Password have Length more than or equal to 10 Characters New Password(with Length >= 10)-Small Letters and Numbers",
                          "timedOut": null,
                          "duration": 1468,
                          "state": "passed",
                          "speed": "fast",
                          "pass": true,
                          "fail": false,
                          "pending": false,
                          "context": null,
                          "code": "userForm.clear_Password_Field();\nuserForm.verify_Password_Field();\nuserForm.pass_false_New_Password_len_true_Field(\"testing123456789\");\nuserForm.click_on_Register_Btn();",
                          "err": {},
                          "uuid": "9ba605ae-c514-4f3b-99af-06d8fa6fb1fb",
                          "parentUUID": "ca1d82c5-1f47-4142-896b-f99caeaf1a37",
                          "isHook": false,
                          "skipped": false
                        },
                        {
                          "title": "New Password(with Length >= 10)-Small Letters and Special Characters",
                          "fullTitle": "User Form Test Cases Password Field Test Cases Wrong Combinations for  Password New Password have Length more than or equal to 10 Characters New Password(with Length >= 10)-Small Letters and Special Characters",
                          "timedOut": null,
                          "duration": 1136,
                          "state": "passed",
                          "speed": "fast",
                          "pass": true,
                          "fail": false,
                          "pending": false,
                          "context": null,
                          "code": "userForm.clear_Password_Field();\nuserForm.verify_Password_Field();\nuserForm.pass_false_New_Password_len_true_Field(\"testing@#$%@#$@#\");\nuserForm.click_on_Register_Btn();",
                          "err": {},
                          "uuid": "7c0dad09-7163-44ad-8136-f6b519cf4544",
                          "parentUUID": "ca1d82c5-1f47-4142-896b-f99caeaf1a37",
                          "isHook": false,
                          "skipped": false
                        },
                        {
                          "title": "New Password(with Length >= 10)-Numbers and Special Characters",
                          "fullTitle": "User Form Test Cases Password Field Test Cases Wrong Combinations for  Password New Password have Length more than or equal to 10 Characters New Password(with Length >= 10)-Numbers and Special Characters",
                          "timedOut": null,
                          "duration": 1153,
                          "state": "passed",
                          "speed": "fast",
                          "pass": true,
                          "fail": false,
                          "pending": false,
                          "context": null,
                          "code": "userForm.clear_Password_Field();\nuserForm.verify_Password_Field();\nuserForm.pass_false_New_Password_len_true_Field(\"123456789@#$@#$%\");\nuserForm.click_on_Register_Btn();",
                          "err": {},
                          "uuid": "30ecd4b9-12c7-40b8-8580-db9be124d936",
                          "parentUUID": "ca1d82c5-1f47-4142-896b-f99caeaf1a37",
                          "isHook": false,
                          "skipped": false
                        }
                      ],
                      "suites": [],
                      "passes": [
                        "1fa837ef-e3b8-4633-b54b-ced1e9a8ea11",
                        "9d766d7d-d56c-4a7e-8815-0f21dfcedf30",
                        "38962bd0-ffe0-48d5-b45d-f03d4c476089",
                        "f7de8294-a145-4f8b-9dda-e9426dd70b6d",
                        "dbd269ec-989b-46c7-a5d9-8d6ff301a98e",
                        "0235b855-fa70-436a-9413-93ea98ac36a7",
                        "fb69e905-5d62-4fce-b10c-4f7ed923b0d1",
                        "9ba605ae-c514-4f3b-99af-06d8fa6fb1fb",
                        "7c0dad09-7163-44ad-8136-f6b519cf4544",
                        "30ecd4b9-12c7-40b8-8580-db9be124d936"
                      ],
                      "failures": [],
                      "pending": [],
                      "skipped": [],
                      "duration": 11725,
                      "root": false,
                      "rootEmpty": false,
                      "_timeout": 2000
                    }
                  ],
                  "passes": [],
                  "failures": [],
                  "pending": [],
                  "skipped": [],
                  "duration": 0,
                  "root": false,
                  "rootEmpty": false,
                  "_timeout": 2000
                },
                {
                  "uuid": "cc34661d-18f3-46a7-95d0-1c561d6f8446",
                  "title": "Right Combinations for New Password",
                  "fullFile": "",
                  "file": "",
                  "beforeHooks": [],
                  "afterHooks": [],
                  "tests": [],
                  "suites": [
                    {
                      "uuid": "9b2e0ff8-742a-48ff-a8bc-6840a3840005",
                      "title": "New Password have Length less than 10 Characters--->Save Button Disable",
                      "fullFile": "",
                      "file": "",
                      "beforeHooks": [],
                      "afterHooks": [],
                      "tests": [
                        {
                          "title": "New Password(with Length < 10)-Capital,small,Number,Special Characters",
                          "fullTitle": "User Form Test Cases Password Field Test Cases Right Combinations for New Password New Password have Length less than 10 Characters--->Save Button Disable New Password(with Length < 10)-Capital,small,Number,Special Characters",
                          "timedOut": null,
                          "duration": 856,
                          "state": "passed",
                          "speed": "fast",
                          "pass": true,
                          "fail": false,
                          "pending": false,
                          "context": null,
                          "code": "userForm.clear_Password_Field();\nuserForm.verify_Password_Field();\nuserForm.pass_false_New_Password_len_false_Field(\"Tes@12\");\nuserForm.click_on_Register_Btn();",
                          "err": {},
                          "uuid": "5c28ab6a-dbc2-4157-918a-be00db601025",
                          "parentUUID": "9b2e0ff8-742a-48ff-a8bc-6840a3840005",
                          "isHook": false,
                          "skipped": false
                        }
                      ],
                      "suites": [],
                      "passes": [
                        "5c28ab6a-dbc2-4157-918a-be00db601025"
                      ],
                      "failures": [],
                      "pending": [],
                      "skipped": [],
                      "duration": 856,
                      "root": false,
                      "rootEmpty": false,
                      "_timeout": 2000
                    },
                    {
                      "uuid": "27a13f23-2a9a-45b2-842b-343d5e8a952e",
                      "title": "Right New Password",
                      "fullFile": "",
                      "file": "",
                      "beforeHooks": [],
                      "afterHooks": [],
                      "tests": [
                        {
                          "title": "New Password(with Length >= 10)-Capital,small,Number,Special Characters",
                          "fullTitle": "User Form Test Cases Password Field Test Cases Right Combinations for New Password Right New Password New Password(with Length >= 10)-Capital,small,Number,Special Characters",
                          "timedOut": null,
                          "duration": 1012,
                          "state": "passed",
                          "speed": "fast",
                          "pass": true,
                          "fail": false,
                          "pending": false,
                          "context": null,
                          "code": "userForm.clear_Password_Field();\nuserForm.verify_Password_Field();\nuserForm.pass_true_New_Password_len_true_Field(\"Test@123#Demo\");\nuserForm.click_on_Register_Btn();",
                          "err": {},
                          "uuid": "ca5e75bb-e330-4112-a6c1-35542a2e3c7a",
                          "parentUUID": "27a13f23-2a9a-45b2-842b-343d5e8a952e",
                          "isHook": false,
                          "skipped": false
                        }
                      ],
                      "suites": [],
                      "passes": [
                        "ca5e75bb-e330-4112-a6c1-35542a2e3c7a"
                      ],
                      "failures": [],
                      "pending": [],
                      "skipped": [],
                      "duration": 1012,
                      "root": false,
                      "rootEmpty": false,
                      "_timeout": 2000
                    }
                  ],
                  "passes": [],
                  "failures": [],
                  "pending": [],
                  "skipped": [],
                  "duration": 0,
                  "root": false,
                  "rootEmpty": false,
                  "_timeout": 2000
                }
              ],
              "passes": [
                "804b9a6d-882f-4227-9e3a-85e7735ef21c"
              ],
              "failures": [],
              "pending": [],
              "skipped": [],
              "duration": 384,
              "root": false,
              "rootEmpty": false,
              "_timeout": 2000
            },
            {
              "uuid": "58db386e-8ce2-492b-b566-851b1b8aecbf",
              "title": "Confirm Password Field Test Cases",
              "fullFile": "",
              "file": "",
              "beforeHooks": [],
              "afterHooks": [],
              "tests": [
                {
                  "title": "Confirm Password->Not Empty Field",
                  "fullTitle": "User Form Test Cases Confirm Password Field Test Cases Confirm Password->Not Empty Field",
                  "timedOut": null,
                  "duration": 365,
                  "state": "passed",
                  "speed": "fast",
                  "pass": true,
                  "fail": false,
                  "pending": false,
                  "context": null,
                  "code": "userForm.verify_Confirm_Password_Label();\nuserForm.click_on_Register_Btn();",
                  "err": {},
                  "uuid": "fab1f238-0a12-4fe2-984a-6ac6ff2d3db7",
                  "parentUUID": "58db386e-8ce2-492b-b566-851b1b8aecbf",
                  "isHook": false,
                  "skipped": false
                },
                {
                  "title": "Enter Value--Save Button Disable(Password Conditions Not Fullfilled)",
                  "fullTitle": "User Form Test Cases Confirm Password Field Test Cases Enter Value--Save Button Disable(Password Conditions Not Fullfilled)",
                  "timedOut": null,
                  "duration": 1744,
                  "state": "passed",
                  "speed": "fast",
                  "pass": true,
                  "fail": false,
                  "pending": false,
                  "context": null,
                  "code": "userForm.verify_Confirm_Password_Label();\nuserForm.check_Confirm_Password_Field(\"Password@#12\");\nuserForm.click_on_Register_Btn();",
                  "err": {},
                  "uuid": "21b9e24a-ec32-42c0-8d5a-2475afcc09d2",
                  "parentUUID": "58db386e-8ce2-492b-b566-851b1b8aecbf",
                  "isHook": false,
                  "skipped": false
                },
                {
                  "title": "Enter Value--Save Button Enable(Password Conditions Not Fullfilled)",
                  "fullTitle": "User Form Test Cases Confirm Password Field Test Cases Enter Value--Save Button Enable(Password Conditions Not Fullfilled)",
                  "timedOut": null,
                  "duration": 1115,
                  "state": "passed",
                  "speed": "fast",
                  "pass": true,
                  "fail": false,
                  "pending": false,
                  "context": null,
                  "code": "userForm.verify_Confirm_Password_Label();\nuserForm.check_Confirm_Password_Field(\"Test@123#Demo\");\nuserForm.click_on_Register_Btn();",
                  "err": {},
                  "uuid": "2b302215-5ed7-4a7d-8a9a-6c4b38d5da88",
                  "parentUUID": "58db386e-8ce2-492b-b566-851b1b8aecbf",
                  "isHook": false,
                  "skipped": false
                }
              ],
              "suites": [],
              "passes": [
                "fab1f238-0a12-4fe2-984a-6ac6ff2d3db7",
                "21b9e24a-ec32-42c0-8d5a-2475afcc09d2",
                "2b302215-5ed7-4a7d-8a9a-6c4b38d5da88"
              ],
              "failures": [],
              "pending": [],
              "skipped": [],
              "duration": 3224,
              "root": false,
              "rootEmpty": false,
              "_timeout": 2000
            }
          ],
          "passes": [
            "66a6b5a8-7117-4abc-8232-c7e979a57ff6"
          ],
          "failures": [],
          "pending": [],
          "skipped": [],
          "duration": 1986,
          "root": false,
          "rootEmpty": false,
          "_timeout": 2000
        }
      ],
      "passes": [],
      "failures": [],
      "pending": [],
      "skipped": [],
      "duration": 0,
      "root": true,
      "rootEmpty": true,
      "_timeout": 2000
    }
  ],
  "meta": {
    "mocha": {
      "version": "7.0.1"
    },
    "mochawesome": {
      "options": {
        "quiet": false,
        "reportFilename": "mochawesome",
        "saveHtml": true,
        "saveJson": true,
        "consoleReporter": "spec",
        "useInlineDiffs": false,
        "code": true
      },
      "version": "7.1.3"
    },
    "marge": {
      "options": {
        "reportDir": "cypress/reports",
        "overwrite": false,
        "html": true,
        "json": true
      },
      "version": "6.2.0"
    }
  }
}